Determining if the pthread_create exist failed with the following output:
Change Dir: /home/special/user/local/zxk/nns/cuda/Neural-Network-Sort/build/CMakeFiles/CMakeTmp

Run Build Command:"/usr/bin/gmake" "cmTC_34420/fast"
/usr/bin/gmake -f CMakeFiles/cmTC_34420.dir/build.make CMakeFiles/cmTC_34420.dir/build
gmake[1]: Entering directory `/home/special/user/local/zxk/nns/cuda/Neural-Network-Sort/build/CMakeFiles/CMakeTmp'
Building C object CMakeFiles/cmTC_34420.dir/CheckSymbolExists.c.o
/usr/bin/cc   -fPIC    -o CMakeFiles/cmTC_34420.dir/CheckSymbolExists.c.o   -c /home/special/user/local/zxk/nns/cuda/Neural-Network-Sort/build/CMakeFiles/CMakeTmp/CheckSymbolExists.c
Linking C executable cmTC_34420
/usr/bin/cmake3 -E cmake_link_script CMakeFiles/cmTC_34420.dir/link.txt --verbose=1
/usr/bin/cc -fPIC     -rdynamic CMakeFiles/cmTC_34420.dir/CheckSymbolExists.c.o  -o cmTC_34420 
CMakeFiles/cmTC_34420.dir/CheckSymbolExists.c.o: In function `main':
CheckSymbolExists.c:(.text+0x1b): undefined reference to `pthread_create'
collect2: error: ld returned 1 exit status
gmake[1]: *** [cmTC_34420] Error 1
gmake[1]: Leaving directory `/home/special/user/local/zxk/nns/cuda/Neural-Network-Sort/build/CMakeFiles/CMakeTmp'
gmake: *** [cmTC_34420/fast] Error 2

File /home/special/user/local/zxk/nns/cuda/Neural-Network-Sort/build/CMakeFiles/CMakeTmp/CheckSymbolExists.c:
/* */
#include <pthread.h>

int main(int argc, char** argv)
{
  (void)argv;
#ifndef pthread_create
  return ((int*)(&pthread_create))[argc];
#else
  (void)argc;
  return 0;
#endif
}

Determining if the function pthread_create exists in the pthreads failed with the following output:
Change Dir: /home/special/user/local/zxk/nns/cuda/Neural-Network-Sort/build/CMakeFiles/CMakeTmp

Run Build Command:"/usr/bin/gmake" "cmTC_597f3/fast"
/usr/bin/gmake -f CMakeFiles/cmTC_597f3.dir/build.make CMakeFiles/cmTC_597f3.dir/build
gmake[1]: Entering directory `/home/special/user/local/zxk/nns/cuda/Neural-Network-Sort/build/CMakeFiles/CMakeTmp'
Building C object CMakeFiles/cmTC_597f3.dir/CheckFunctionExists.c.o
/usr/bin/cc   -fPIC -DCHECK_FUNCTION_EXISTS=pthread_create   -o CMakeFiles/cmTC_597f3.dir/CheckFunctionExists.c.o   -c /usr/share/cmake3/Modules/CheckFunctionExists.c
Linking C executable cmTC_597f3
/usr/bin/cmake3 -E cmake_link_script CMakeFiles/cmTC_597f3.dir/link.txt --verbose=1
/usr/bin/cc -fPIC -DCHECK_FUNCTION_EXISTS=pthread_create    -rdynamic CMakeFiles/cmTC_597f3.dir/CheckFunctionExists.c.o  -o cmTC_597f3 -lpthreads 
/usr/bin/ld: cannot find -lpthreads
collect2: error: ld returned 1 exit status
gmake[1]: *** [cmTC_597f3] Error 1
gmake[1]: Leaving directory `/home/special/user/local/zxk/nns/cuda/Neural-Network-Sort/build/CMakeFiles/CMakeTmp'
gmake: *** [cmTC_597f3/fast] Error 2


